TN:
SF:src\services\fertilizer.service.ts
FN:7,(anonymous_1)
FN:10,(anonymous_2)
FN:17,(anonymous_3)
FN:21,(anonymous_4)
FNF:4
FNH:4
FNDA:1,(anonymous_1)
FNDA:2,(anonymous_2)
FNDA:1,(anonymous_3)
FNDA:1,(anonymous_4)
DA:1,1
DA:4,1
DA:6,1
DA:8,1
DA:13,2
DA:18,1
DA:22,1
LF:7
LH:7
BRF:0
BRH:0
end_of_record
TN:
SF:src\services\index.ts
FNF:0
FNH:0
DA:1,5
DA:3,5
LF:2
LH:2
BRF:0
BRH:0
end_of_record
TN:
SF:src\services\order.service.ts
FN:7,(anonymous_1)
FN:10,(anonymous_2)
FN:15,(anonymous_3)
FN:22,(anonymous_4)
FN:34,(anonymous_5)
FNF:5
FNH:5
FNDA:1,(anonymous_1)
FNDA:1,(anonymous_2)
FNDA:1,(anonymous_3)
FNDA:1,(anonymous_4)
FNDA:1,(anonymous_5)
DA:1,1
DA:4,1
DA:6,1
DA:8,1
DA:11,1
DA:16,1
DA:27,1
DA:35,1
LF:8
LH:8
BRF:0
BRH:0
end_of_record
TN:
SF:src\services\seeds.service.ts
FN:7,(anonymous_1)
FN:10,(anonymous_2)
FN:15,(anonymous_3)
FN:19,(anonymous_4)
FNF:4
FNH:4
FNDA:1,(anonymous_1)
FNDA:1,(anonymous_2)
FNDA:1,(anonymous_3)
FNDA:1,(anonymous_4)
DA:1,1
DA:4,1
DA:6,1
DA:8,1
DA:11,1
DA:16,1
DA:20,1
LF:7
LH:7
BRF:0
BRH:0
end_of_record
TN:
SF:src\services\user.service.ts
FN:6,(anonymous_0)
FN:9,(anonymous_1)
FN:15,(anonymous_2)
FNF:3
FNH:3
FNDA:1,(anonymous_0)
FNDA:1,(anonymous_1)
FNDA:1,(anonymous_2)
DA:1,1
DA:5,1
DA:7,1
DA:10,1
DA:16,1
LF:5
LH:5
BRF:0
BRH:0
end_of_record
TN:
SF:src\utils\pagination.ts
FN:13,paginate
FN:25,(anonymous_1)
FNF:2
FNH:2
FNDA:5,paginate
FNDA:7,(anonymous_1)
DA:19,5
DA:21,5
DA:23,5
DA:24,3
DA:25,3
DA:26,7
DA:30,5
DA:40,5
DA:42,5
DA:50,4
LF:10
LH:10
BRDA:15,0,0,0
BRDA:23,1,0,3
BRDA:23,2,0,5
BRDA:23,2,1,3
BRDA:23,2,2,3
BRF:5
BRH:4
end_of_record
TN:
SF:src\utils\password.ts
FN:5,hashPassword
FN:10,comparePassword
FNF:2
FNH:2
FNDA:1,hashPassword
FNDA:1,comparePassword
DA:1,1
DA:3,1
DA:6,1
DA:7,1
DA:11,1
DA:12,1
DA:15,1
LF:7
LH:7
BRF:0
BRH:0
end_of_record
TN:
SF:src\utils\token.ts
FN:3,generateToken
FN:10,decodeToken
FNF:2
FNH:2
FNDA:1,generateToken
FNDA:1,decodeToken
DA:1,1
DA:4,1
DA:7,1
DA:11,1
DA:12,1
DA:13,1
DA:16,1
LF:7
LH:7
BRF:0
BRH:0
end_of_record
TN:
SF:src\utils\validateQuantity.ts
FN:1,validateQuantity
FNF:1
FNH:1
FNDA:2,validateQuantity
DA:2,2
DA:3,2
DA:5,2
DA:6,1
DA:8,1
DA:12,1
LF:6
LH:6
BRDA:5,0,0,1
BRDA:5,0,1,1
BRF:2
BRH:2
end_of_record
